<?xml version="1.0" encoding="UTF-8"?>
<!-- Generated by org.testng.reporters.JUnitReportReporter -->
<testsuite hostname="DESKTOP-EL5FA1A" failures="0" tests="1" name="ejemplo.NewTest" time="4.617" errors="0" timestamp="2023-03-02T09:00:31 CET" skipped="0">
  <testcase classname="ejemplo.NewTest" name="prueba" time="4.617"/>
  <system-out/>
</testsuite> <!-- ejemplo.NewTest -->
