<?xml version="1.0" encoding="UTF-8"?>
<!-- Generated by org.testng.reporters.JUnitReportReporter -->
<testsuite hostname="DESKTOP-EL5FA1A" failures="0" tests="1" name="ejemplo.NewTest" time="10.272" errors="0" timestamp="2023-03-07T09:53:38 CET" skipped="0">
  <testcase classname="ejemplo.NewTest" name="prueba" time="10.272"/>
  <system-out/>
</testsuite> <!-- ejemplo.NewTest -->
